2021-11-02 10:55:49.020  INFO 14820 --- [main] tn.esprit.spring.TimeSheetTest           : Starting TimeSheetTest on DESKTOP-NBHNDHT with PID 14820 (started by Asus in C:\Users\Asus\Documents\workspace-sts-3.8.4.RELEASE\Timesheet)
2021-11-02 10:55:49.058  INFO 14820 --- [main] tn.esprit.spring.TimeSheetTest           : No active profile set, falling back to default profiles: default
2021-11-02 10:55:51.610  INFO 14820 --- [main] .s.d.r.c.RepositoryConfigurationDelegate : Bootstrapping Spring Data repositories in DEFAULT mode.
2021-11-02 10:55:51.826  INFO 14820 --- [main] .s.d.r.c.RepositoryConfigurationDelegate : Finished Spring Data repository scanning in 185ms. Found 6 repository interfaces.
2021-11-02 10:55:52.485  INFO 14820 --- [main] trationDelegate$BeanPostProcessorChecker : Bean 'org.springframework.transaction.annotation.ProxyTransactionManagementConfiguration' of type [org.springframework.transaction.annotation.ProxyTransactionManagementConfiguration$$EnhancerBySpringCGLIB$$a19ca324] is not eligible for getting processed by all BeanPostProcessors (for example: not eligible for auto-proxying)
2021-11-02 10:55:53.017  INFO 14820 --- [main] com.zaxxer.hikari.HikariDataSource       : HikariPool-1 - Starting...
2021-11-02 10:55:53.368  INFO 14820 --- [main] com.zaxxer.hikari.HikariDataSource       : HikariPool-1 - Start completed.
2021-11-02 10:55:53.537  INFO 14820 --- [main] o.hibernate.jpa.internal.util.LogHelper  : HHH000204: Processing PersistenceUnitInfo [
	name: default
	...]
2021-11-02 10:55:53.653  INFO 14820 --- [main] org.hibernate.Version                    : HHH000412: Hibernate Core {5.3.9.Final}
2021-11-02 10:55:53.653  INFO 14820 --- [main] org.hibernate.cfg.Environment            : HHH000206: hibernate.properties not found
2021-11-02 10:55:54.286  INFO 14820 --- [main] o.hibernate.annotations.common.Version   : HCANN000001: Hibernate Commons Annotations {5.0.4.Final}
2021-11-02 10:55:55.185  INFO 14820 --- [main] org.hibernate.dialect.Dialect            : HHH000400: Using dialect: org.hibernate.dialect.MySQL5Dialect
2021-11-02 10:55:55.686  WARN 14820 --- [main] org.hibernate.mapping.RootClass          : HHH000038: Composite-id class does not override equals(): tn.esprit.spring.entities.TimesheetPK
2021-11-02 10:55:55.686  WARN 14820 --- [main] org.hibernate.mapping.RootClass          : HHH000039: Composite-id class does not override hashCode(): tn.esprit.spring.entities.TimesheetPK
2021-11-02 10:55:57.659  INFO 14820 --- [main] j.LocalContainerEntityManagerFactoryBean : Initialized JPA EntityManagerFactory for persistence unit 'default'
2021-11-02 10:55:58.492  INFO 14820 --- [main] o.h.h.i.QueryTranslatorFactoryInitiator  : HHH000397: Using ASTQueryTranslatorFactory
2021-11-02 10:56:00.562  INFO 14820 --- [main] o.s.s.concurrent.ThreadPoolTaskExecutor  : Initializing ExecutorService 'applicationTaskExecutor'
2021-11-02 10:56:00.901  WARN 14820 --- [main] aWebConfiguration$JpaWebMvcConfiguration : spring.jpa.open-in-view is enabled by default. Therefore, database queries may be performed during view rendering. Explicitly configure spring.jpa.open-in-view to disable this warning
2021-11-02 10:56:01.543  INFO 14820 --- [main] tn.esprit.spring.TimeSheetTest           : Started TimeSheetTest in 13.24 seconds (JVM running for 15.509)
2021-11-02 10:56:02.293  INFO 14820 --- [main] tn.esprit.spring.TimeSheetTest           : Added successfully with
2021-11-02 10:56:02.709  INFO 14820 --- [Thread-2] o.s.s.concurrent.ThreadPoolTaskExecutor  : Shutting down ExecutorService 'applicationTaskExecutor'
2021-11-02 10:56:02.709  INFO 14820 --- [Thread-2] j.LocalContainerEntityManagerFactoryBean : Closing JPA EntityManagerFactory for persistence unit 'default'
2021-11-02 10:56:02.709  INFO 14820 --- [Thread-2] com.zaxxer.hikari.HikariDataSource       : HikariPool-1 - Shutdown initiated...
2021-11-02 10:56:02.725  INFO 14820 --- [Thread-2] com.zaxxer.hikari.HikariDataSource       : HikariPool-1 - Shutdown completed.
